[2017-03-27 10:34:06]	Cannot open file 
[2017-03-27 10:34:06]	E:\python\WeiboSpider\project\selectword\Data\KeyBlackList.pdat
[2017-03-27 10:34:42]	Cannot open file 
[2017-03-27 10:34:42]	E:\python\WeiboSpider\project\selectword\Data\KeyBlackList.pdat
[2017-03-27 10:36:16]	Cannot open file 
[2017-03-27 10:36:16]	E:\python\WeiboSpider\project\selectword\Data\KeyBlackList.pdat
[2017-03-27 10:39:09]	Cannot open file 
[2017-03-27 10:39:09]	E:\python\WeiboSpider\project\selectword\Data\KeyBlackList.pdat
[2017-03-27 10:40:02]	Cannot open file 
[2017-03-27 10:40:02]	E:\python\WeiboSpider\project\selectword\Data\KeyBlackList.pdat
[2017-03-27 10:41:45]	Cannot open file 
[2017-03-27 10:41:45]	E:\python\WeiboSpider\project\selectword\Data\KeyBlackList.pdat
[2017-03-27 10:42:14]	Cannot open file 
[2017-03-27 10:42:14]	E:\python\WeiboSpider\project\selectword\Data\KeyBlackList.pdat
[2017-03-27 10:42:38]	Cannot open file 
[2017-03-27 10:42:38]	E:\python\WeiboSpider\project\selectword\Data\KeyBlackList.pdat
[2017-03-27 10:44:02]	Cannot open file 
[2017-03-27 10:44:02]	E:\python\WeiboSpider\project\selectword\Data\KeyBlackList.pdat
[2017-03-27 10:44:14]	Cannot open file 
[2017-03-27 10:44:14]	E:\python\WeiboSpider\project\selectword\Data\KeyBlackList.pdat
[2017-03-27 10:44:35]	Cannot open file 
[2017-03-27 10:44:35]	E:\python\WeiboSpider\project\selectword\Data\KeyBlackList.pdat
[2017-03-27 10:44:54]	Cannot open file 
[2017-03-27 10:44:54]	E:\python\WeiboSpider\project\selectword\Data\KeyBlackList.pdat
[2017-03-27 10:45:54]	Cannot open file 
[2017-03-27 10:45:54]	E:\python\WeiboSpider\project\selectword\Data\KeyBlackList.pdat
[2017-03-27 10:46:06]	Cannot open file 
[2017-03-27 10:46:06]	E:\python\WeiboSpider\project\selectword\Data\KeyBlackList.pdat
[2017-03-27 10:46:22]	Cannot open file 
[2017-03-27 10:46:22]	E:\python\WeiboSpider\project\selectword\Data\KeyBlackList.pdat
[2017-03-27 10:48:06]	Cannot open file 
[2017-03-27 10:48:06]	E:\python\WeiboSpider\project\selectword\Data\KeyBlackList.pdat
[2017-03-27 10:48:17]	Cannot open file 
[2017-03-27 10:48:17]	E:\python\WeiboSpider\project\selectword\Data\KeyBlackList.pdat
[2017-03-27 10:48:40]	Cannot open file 
[2017-03-27 10:48:40]	E:\python\WeiboSpider\project\selectword\Data\KeyBlackList.pdat
[2017-03-27 10:48:48]	Cannot open file 
[2017-03-27 10:48:48]	E:\python\WeiboSpider\project\selectword\Data\KeyBlackList.pdat
[2017-03-27 10:49:24]	Cannot open file 
[2017-03-27 10:49:24]	E:\python\WeiboSpider\project\selectword\Data\KeyBlackList.pdat
[2017-03-27 10:51:50]	Cannot open file 
[2017-03-27 10:51:50]	E:\python\WeiboSpider\project\selectword\Data\KeyBlackList.pdat
[2017-03-27 10:52:16]	Cannot open file 
[2017-03-27 10:52:16]	E:\python\WeiboSpider\project\selectword\Data\KeyBlackList.pdat
[2017-03-27 10:58:24]	Cannot open file 
[2017-03-27 10:58:24]	E:\python\WeiboSpider\project\selectword\Data\KeyBlackList.pdat
[2017-03-27 10:58:42]	Cannot open file 
[2017-03-27 10:58:42]	E:\python\WeiboSpider\project\selectword\Data\KeyBlackList.pdat
[2017-03-27 10:58:59]	Cannot open file 
[2017-03-27 10:58:59]	E:\python\WeiboSpider\project\selectword\Data\KeyBlackList.pdat
[2017-03-27 11:03:03]	Cannot open file 
[2017-03-27 11:03:03]	E:\python\WeiboSpider\project\selectword\Data\KeyBlackList.pdat
[2017-03-27 11:03:03]	Failed Open file Failed Open file 
[2017-03-27 11:03:03]	Error read file
[2017-03-27 11:03:03]	e:/python/WeiboSpider/project/selectword/userdict.txt
[2017-03-27 11:03:53]	Cannot open file 
[2017-03-27 11:03:53]	E:\python\WeiboSpider\project\selectword\Data\KeyBlackList.pdat
[2017-03-27 11:03:53]	Failed Open file Failed Open file 
[2017-03-27 11:03:53]	Error read file
[2017-03-27 11:03:53]	e:/python/WeiboSpider/project/selectword/userdict.txt
[2017-03-27 11:05:23]	Cannot open file 
[2017-03-27 11:05:23]	E:\python\WeiboSpider\project\selectword\Data\KeyBlackList.pdat
[2017-03-27 11:05:23]	Failed Open file Failed Open file 
[2017-03-27 11:05:23]	Error read file
[2017-03-27 11:05:23]	e:/python/WeiboSpider/project/selectword/userdict.txt
[2017-03-27 11:06:12]	Cannot open file 
[2017-03-27 11:06:12]	E:\python\WeiboSpider\project\selectword\Data\KeyBlackList.pdat
[2017-03-27 11:07:21]	Cannot open file 
[2017-03-27 11:07:21]	E:\python\WeiboSpider\project\selectword\Data\KeyBlackList.pdat
[2017-03-27 11:12:00]	Cannot open file 
[2017-03-27 11:12:00]	E:\python\WeiboSpider\project\selectword\Data\KeyBlackList.pdat
[2017-03-27 11:13:12]	Cannot open file 
[2017-03-27 11:13:12]	E:\python\WeiboSpider\project\selectword\Data\KeyBlackList.pdat
[2017-03-27 11:14:27]	Cannot open file 
[2017-03-27 11:14:27]	E:\python\WeiboSpider\project\selectword\Data\KeyBlackList.pdat
[2017-03-27 11:22:07]	Cannot open file 
[2017-03-27 11:22:07]	E:\python\WeiboSpider\project\selectword\Data\KeyBlackList.pdat
[2017-03-27 11:22:37]	Cannot open file 
[2017-03-27 11:22:37]	E:\python\WeiboSpider\project\selectword\Data\KeyBlackList.pdat
[2017-03-27 11:27:59]	Cannot open file 
[2017-03-27 11:27:59]	E:\python\WeiboSpider\project\selectword\Data\KeyBlackList.pdat
[2017-03-27 11:28:35]	Cannot open file 
[2017-03-27 11:28:35]	E:\python\WeiboSpider\project\selectword\Data\KeyBlackList.pdat
[2017-03-27 11:28:54]	Cannot open file 
[2017-03-27 11:28:54]	E:\python\WeiboSpider\project\selectword\Data\KeyBlackList.pdat
[2017-03-27 11:29:02]	Cannot open file 
[2017-03-27 11:29:02]	E:\python\WeiboSpider\project\selectword\Data\KeyBlackList.pdat
[2017-03-27 11:29:12]	Cannot open file 
[2017-03-27 11:29:12]	E:\python\WeiboSpider\project\selectword\Data\KeyBlackList.pdat
[2017-03-27 11:29:51]	Cannot open file 
[2017-03-27 11:29:51]	E:\python\WeiboSpider\project\selectword\Data\KeyBlackList.pdat
[2017-03-27 11:30:02]	Cannot open file 
[2017-03-27 11:30:02]	E:\python\WeiboSpider\project\selectword\Data\KeyBlackList.pdat
[2017-03-27 11:30:25]	Cannot open file 
[2017-03-27 11:30:25]	E:\python\WeiboSpider\project\selectword\Data\KeyBlackList.pdat
[2017-03-27 11:35:44]	Cannot open file 
[2017-03-27 11:35:44]	E:\python\WeiboSpider\project\selectword\Data\KeyBlackList.pdat
[2017-03-27 11:35:57]	Cannot open file 
[2017-03-27 11:35:57]	E:\python\WeiboSpider\project\selectword\Data\KeyBlackList.pdat
[2017-03-27 11:40:12]	Cannot open file 
[2017-03-27 11:40:12]	E:\python\WeiboSpider\project\selectword\Data\KeyBlackList.pdat
[2017-03-27 20:13:16]	Cannot open file 
[2017-03-27 20:13:16]	Cannot open file 
[2017-03-27 20:13:16]	E:\python\WeiboSpider\project\selectword\Data\KeyBlackList.pdat
[2017-03-27 20:13:16]	E:\python\WeiboSpider\project\selectword\Data\KeyBlackList.pdat
[2017-03-27 20:14:10]	Cannot open file 
[2017-03-27 20:14:10]	E:\python\WeiboSpider\project\selectword\Data\KeyBlackList.pdat
[2017-03-27 20:15:00]	Cannot open file 
[2017-03-27 20:15:00]	E:\python\WeiboSpider\project\selectword\Data\KeyBlackList.pdat
